<?xml version="1.0" encoding="UTF-8"?>
<TestRun id="5bfa7177-93d1-45a2-84bf-129568f6c8af" name="DM0874@FNOA0189 2009-07-16 10:38:02" runUser="NATION\DM0874" xmlns="http://microsoft.com/schemas/VisualStudio/TeamTest/2006">
  <TestRunConfiguration name="Local Test Run" id="ef539d4c-86f2-490b-b5fa-c3fafddc39bd">
    <Description>This is a default test run configuration for a local test run.</Description>
    <Deployment runDeploymentRoot="C:\tfs\Solution Design\CaliberGenAddIn\TestResults\DM0874_FNOA0189 2009-07-16 10_38_02">
      <DeploymentItem filename="C:\tfs\Solution Design\CaliberGenAddIn\WcfEAGenCaliber\bin\Debug\WcfEAGenCaliber.dll" />
    </Deployment>
    <TestTypeSpecific />
  </TestRunConfiguration>
  <ResultSummary outcome="Failed">
    <Counters total="2" executed="2" error="0" failed="2" timeout="0" aborted="0" inconclusive="0" passedButRunAborted="0" notRunnable="0" notExecuted="0" disconnected="0" warning="0" passed="0" completed="0" inProgress="0" pending="0" />
  </ResultSummary>
  <Times creation="2009-07-16T10:38:02.1067169+10:00" queuing="2009-07-16T10:38:06.9725607+10:00" start="2009-07-16T10:38:07.3167683+10:00" finish="2009-07-16T10:38:09.6479925+10:00" />
  <TestDefinitions>
    <UnitTest name="TestMethod1" storage="c:\tfs\solution design\calibergenaddin\testproject1\bin\debug\testproject1.dll" id="59863143-3238-122e-4d8a-637b491cc755">
      <Css projectStructure="" iteration="" />
      <Owners>
        <Owner name="" />
      </Owners>
      <Execution id="79fe1b07-cd99-472f-b6c8-216a97f73fab" />
      <TestMethod codeBase="C:\tfs\Solution Design\CaliberGenAddIn\TestProject1\bin\Debug\TestProject1.dll" adapterTypeName="Microsoft.VisualStudio.TestTools.TestTypes.Unit.UnitTestAdapter, Microsoft.VisualStudio.QualityTools.Tips.UnitTest.Adapter, Version=9.0.0.0, Culture=neutral, PublicKeyToken=b03f5f7f11d50a3a" className="TestProject1.UnitTest1, TestProject1" name="TestMethod1" />
    </UnitTest>
    <UnitTest name="TestMethod2" storage="c:\tfs\solution design\calibergenaddin\testproject1\bin\debug\testproject1.dll" id="9381223e-8095-9777-a0c7-26043045171c">
      <Css projectStructure="" iteration="" />
      <Owners>
        <Owner name="" />
      </Owners>
      <Execution id="7f87d00e-bbc5-4f98-bd90-6c2778244f58" />
      <TestMethod codeBase="C:\tfs\Solution Design\CaliberGenAddIn\TestProject1\bin\Debug\TestProject1.dll" adapterTypeName="Microsoft.VisualStudio.TestTools.TestTypes.Unit.UnitTestAdapter, Microsoft.VisualStudio.QualityTools.Tips.UnitTest.Adapter, Version=9.0.0.0, Culture=neutral, PublicKeyToken=b03f5f7f11d50a3a" className="TestProject1.UnitTest1, TestProject1" name="TestMethod2" />
    </UnitTest>
  </TestDefinitions>
  <TestLists>
    <TestList name="Results Not in a List" id="8c84fa94-04c1-424b-9868-57a2d4851a1d" />
    <TestList name="All Loaded Results" id="19431567-8539-422a-85d7-44ee4e166bda" />
  </TestLists>
  <TestEntries>
    <TestEntry testId="59863143-3238-122e-4d8a-637b491cc755" executionId="79fe1b07-cd99-472f-b6c8-216a97f73fab" testListId="8c84fa94-04c1-424b-9868-57a2d4851a1d" />
    <TestEntry testId="9381223e-8095-9777-a0c7-26043045171c" executionId="7f87d00e-bbc5-4f98-bd90-6c2778244f58" testListId="8c84fa94-04c1-424b-9868-57a2d4851a1d" />
  </TestEntries>
  <Results>
    <UnitTestResult executionId="79fe1b07-cd99-472f-b6c8-216a97f73fab" testId="59863143-3238-122e-4d8a-637b491cc755" testName="TestMethod1" computerName="FNOA0189" duration="00:00:00" startTime="2009-07-16T10:38:07.8174339+10:00" endTime="2009-07-16T10:38:09.4602429+10:00" testType="13cdc9d9-ddb5-4fa4-a97d-d965ccfc6d4b" outcome="Failed" testListId="8c84fa94-04c1-424b-9868-57a2d4851a1d">
      <Output>
        <ErrorInfo>
          <Message>Class Initialization method TestProject1.UnitTest1.StartServiceHost threw exception. System.InvalidOperationException:  System.InvalidOperationException: The contract name 'IService1' could not be found in the list of contracts implemented by the service 'Service1'..</Message>
          <StackTrace>    at System.ServiceModel.Description.ConfigLoader.LookupContract(String contractName, String serviceName)
   at System.ServiceModel.Description.ConfigLoader.LoadServiceDescription(ServiceHostBase host, ServiceDescription description, ServiceElement serviceElement, Action`1 addBaseAddress)
   at System.ServiceModel.ServiceHostBase.LoadConfigurationSectionInternal(ConfigLoader configLoader, ServiceDescription description, ServiceElement serviceSection)
   at System.ServiceModel.ServiceHostBase.LoadConfigurationSectionInternal(ConfigLoader configLoader, ServiceDescription description, String configurationName)
   at System.ServiceModel.ServiceHostBase.ApplyConfiguration()
   at System.ServiceModel.ServiceHostBase.InitializeDescription(UriSchemeKeyedCollection baseAddresses)
   at System.ServiceModel.ServiceHost.InitializeDescription(Type serviceType, UriSchemeKeyedCollection baseAddresses)
   at System.ServiceModel.ServiceHost..ctor(Type serviceType, Uri[] baseAddresses)
   at TestProject1.UnitTest1.StartServiceHost(TestContext testContext) in C:\tfs\Solution Design\CaliberGenAddIn\TestProject1\UnitTest1.cs:line 23
</StackTrace>
        </ErrorInfo>
      </Output>
    </UnitTestResult>
    <UnitTestResult executionId="7f87d00e-bbc5-4f98-bd90-6c2778244f58" testId="9381223e-8095-9777-a0c7-26043045171c" testName="TestMethod2" computerName="FNOA0189" duration="00:00:00" startTime="2009-07-16T10:38:09.4758887+10:00" endTime="2009-07-16T10:38:09.4915345+10:00" testType="13cdc9d9-ddb5-4fa4-a97d-d965ccfc6d4b" outcome="Failed" testListId="8c84fa94-04c1-424b-9868-57a2d4851a1d">
      <Output>
        <ErrorInfo>
          <Message>Class Initialization method TestProject1.UnitTest1.StartServiceHost threw exception. System.InvalidOperationException:  System.InvalidOperationException: The contract name 'IService1' could not be found in the list of contracts implemented by the service 'Service1'..</Message>
          <StackTrace>    at System.ServiceModel.Description.ConfigLoader.LookupContract(String contractName, String serviceName)
   at System.ServiceModel.Description.ConfigLoader.LoadServiceDescription(ServiceHostBase host, ServiceDescription description, ServiceElement serviceElement, Action`1 addBaseAddress)
   at System.ServiceModel.ServiceHostBase.LoadConfigurationSectionInternal(ConfigLoader configLoader, ServiceDescription description, ServiceElement serviceSection)
   at System.ServiceModel.ServiceHostBase.LoadConfigurationSectionInternal(ConfigLoader configLoader, ServiceDescription description, String configurationName)
   at System.ServiceModel.ServiceHostBase.ApplyConfiguration()
   at System.ServiceModel.ServiceHostBase.InitializeDescription(UriSchemeKeyedCollection baseAddresses)
   at System.ServiceModel.ServiceHost.InitializeDescription(Type serviceType, UriSchemeKeyedCollection baseAddresses)
   at System.ServiceModel.ServiceHost..ctor(Type serviceType, Uri[] baseAddresses)
   at TestProject1.UnitTest1.StartServiceHost(TestContext testContext) in C:\tfs\Solution Design\CaliberGenAddIn\TestProject1\UnitTest1.cs:line 23
</StackTrace>
        </ErrorInfo>
      </Output>
    </UnitTestResult>
  </Results>
</TestRun>