<?xml version="1.0" encoding="UTF-8"?>
<TestRun id="091b21b7-e3de-4273-83a1-f9c496ae4283" name="DM0874@FNOA0189 2009-07-16 10:46:11" runUser="NATION\DM0874" xmlns="http://microsoft.com/schemas/VisualStudio/TeamTest/2006">
  <TestRunConfiguration name="Local Test Run" id="ef539d4c-86f2-490b-b5fa-c3fafddc39bd">
    <Description>This is a default test run configuration for a local test run.</Description>
    <Deployment runDeploymentRoot="C:\tfs\Solution Design\CaliberGenAddIn\TestResults\DM0874_FNOA0189 2009-07-16 10_46_11">
      <DeploymentItem filename="C:\tfs\Solution Design\CaliberGenAddIn\WcfEAGenCaliber\bin\Debug\WcfEAGenCaliber.dll" />
    </Deployment>
    <TestTypeSpecific />
  </TestRunConfiguration>
  <ResultSummary outcome="Error">
    <Counters total="2" executed="1" error="0" failed="0" timeout="0" aborted="1" inconclusive="0" passedButRunAborted="0" notRunnable="0" notExecuted="1" disconnected="0" warning="0" passed="0" completed="0" inProgress="0" pending="0" />
    <RunInfos>
      <RunInfo computerName="FNOA0189" outcome="Error" timestamp="2009-07-16T10:47:10.9830921+10:00">
        <Text>Test host process exited unexpectedly.</Text>
      </RunInfo>
    </RunInfos>
  </ResultSummary>
  <Times creation="2009-07-16T10:46:11.4099321+10:00" queuing="2009-07-16T10:46:16.6323561+10:00" start="2009-07-16T10:46:16.9919841+10:00" finish="2009-07-16T10:47:10.9830921+10:00" />
  <TestDefinitions>
    <UnitTest name="TestMethod1" storage="c:\tfs\solution design\calibergenaddin\testproject1\bin\debug\testproject1.dll" id="59863143-3238-122e-4d8a-637b491cc755">
      <Css projectStructure="" iteration="" />
      <Owners>
        <Owner name="" />
      </Owners>
      <Execution id="e594b504-e7d8-4df2-b4b0-14791ccac928" />
      <TestMethod codeBase="C:\tfs\Solution Design\CaliberGenAddIn\TestProject1\bin\Debug\TestProject1.dll" adapterTypeName="Microsoft.VisualStudio.TestTools.TestTypes.Unit.UnitTestAdapter, Microsoft.VisualStudio.QualityTools.Tips.UnitTest.Adapter, Version=9.0.0.0, Culture=neutral, PublicKeyToken=b03f5f7f11d50a3a" className="TestProject1.UnitTest1, TestProject1" name="TestMethod1" />
    </UnitTest>
    <UnitTest name="TestMethod2" storage="c:\tfs\solution design\calibergenaddin\testproject1\bin\debug\testproject1.dll" id="9381223e-8095-9777-a0c7-26043045171c">
      <Css projectStructure="" iteration="" />
      <Owners>
        <Owner name="" />
      </Owners>
      <Execution id="7f87d00e-bbc5-4f98-bd90-6c2778244f58" />
      <TestMethod codeBase="C:\tfs\Solution Design\CaliberGenAddIn\TestProject1\bin\Debug\TestProject1.dll" adapterTypeName="Microsoft.VisualStudio.TestTools.TestTypes.Unit.UnitTestAdapter, Microsoft.VisualStudio.QualityTools.Tips.UnitTest.Adapter, Version=9.0.0.0, Culture=neutral, PublicKeyToken=b03f5f7f11d50a3a" className="TestProject1.UnitTest1, TestProject1" name="TestMethod2" />
    </UnitTest>
  </TestDefinitions>
  <TestLists>
    <TestList name="Results Not in a List" id="8c84fa94-04c1-424b-9868-57a2d4851a1d" />
    <TestList name="All Loaded Results" id="19431567-8539-422a-85d7-44ee4e166bda" />
  </TestLists>
  <TestEntries>
    <TestEntry testId="59863143-3238-122e-4d8a-637b491cc755" executionId="d7242ff5-5ee8-4d76-bf00-3858a01caa0c" testListId="8c84fa94-04c1-424b-9868-57a2d4851a1d" />
    <TestEntry testId="9381223e-8095-9777-a0c7-26043045171c" executionId="e5b4be31-506a-4c6a-8f1f-23ad1045a391" testListId="8c84fa94-04c1-424b-9868-57a2d4851a1d" />
  </TestEntries>
  <Results>
    <UnitTestResult executionId="d7242ff5-5ee8-4d76-bf00-3858a01caa0c" testId="59863143-3238-122e-4d8a-637b491cc755" testName="TestMethod1" computerName="FNOA0189" duration="00:00:53.5063920" startTime="2009-07-16T10:46:17.4767001+10:00" endTime="2009-07-16T10:47:10.9830921+10:00" testType="13cdc9d9-ddb5-4fa4-a97d-d965ccfc6d4b" outcome="Aborted" testListId="8c84fa94-04c1-424b-9868-57a2d4851a1d">
    </UnitTestResult>
    <UnitTestResult executionId="e5b4be31-506a-4c6a-8f1f-23ad1045a391" testId="9381223e-8095-9777-a0c7-26043045171c" testName="TestMethod2" computerName="FNOA0189" duration="00:00:00" startTime="0001-01-01T11:00:00.0000000+11:00" endTime="0001-01-01T11:00:00.0000000+11:00" testType="13cdc9d9-ddb5-4fa4-a97d-d965ccfc6d4b" outcome="NotExecuted" testListId="8c84fa94-04c1-424b-9868-57a2d4851a1d">
    </UnitTestResult>
  </Results>
</TestRun>