<?xml version="1.0" encoding="UTF-8"?>
<TestRun id="9edb8a0b-3969-442b-bf37-c418157d023a" name="DM0874@FNOA0189 2009-07-16 10:19:32" runUser="NATION\DM0874" xmlns="http://microsoft.com/schemas/VisualStudio/TeamTest/2006">
  <TestRunConfiguration name="Local Test Run" id="ef539d4c-86f2-490b-b5fa-c3fafddc39bd">
    <Description>This is a default test run configuration for a local test run.</Description>
    <Deployment runDeploymentRoot="C:\tfs\Solution Design\CaliberGenAddIn\TestResults\DM0874_FNOA0189 2009-07-16 10_19_32" />
    <TestTypeSpecific />
  </TestRunConfiguration>
  <ResultSummary outcome="Completed">
    <Counters total="2" executed="2" passed="2" error="0" failed="0" timeout="0" aborted="0" inconclusive="0" passedButRunAborted="0" notRunnable="0" notExecuted="0" disconnected="0" warning="0" completed="0" inProgress="0" pending="0" />
  </ResultSummary>
  <Times creation="2009-07-16T10:19:32.4300890+10:00" queuing="2009-07-16T10:19:35.9137950+10:00" start="2009-07-16T10:19:36.2418570+10:00" finish="2009-07-16T10:19:39.0694390+10:00" />
  <TestDefinitions>
    <UnitTest name="TestMethod1" storage="c:\tfs\solution design\calibergenaddin\testproject1\bin\debug\testproject1.dll" id="59863143-3238-122e-4d8a-637b491cc755">
      <Css projectStructure="" iteration="" />
      <Owners>
        <Owner name="" />
      </Owners>
      <Execution id="76cd974c-2bbf-4a58-b8da-10bd5f218425" />
      <TestMethod codeBase="C:\tfs\Solution Design\CaliberGenAddIn\TestProject1\bin\Debug\TestProject1.dll" adapterTypeName="Microsoft.VisualStudio.TestTools.TestTypes.Unit.UnitTestAdapter, Microsoft.VisualStudio.QualityTools.Tips.UnitTest.Adapter, Version=9.0.0.0, Culture=neutral, PublicKeyToken=b03f5f7f11d50a3a" className="TestProject1.UnitTest1, TestProject1" name="TestMethod1" />
    </UnitTest>
    <UnitTest name="TestMethod2" storage="c:\tfs\solution design\calibergenaddin\testproject1\bin\debug\testproject1.dll" id="9381223e-8095-9777-a0c7-26043045171c">
      <Css projectStructure="" iteration="" />
      <Owners>
        <Owner name="" />
      </Owners>
      <Execution id="08b07403-d786-437b-9f26-b6c42ffbee20" />
      <TestMethod codeBase="C:\tfs\Solution Design\CaliberGenAddIn\TestProject1\bin\Debug\TestProject1.dll" adapterTypeName="Microsoft.VisualStudio.TestTools.TestTypes.Unit.UnitTestAdapter, Microsoft.VisualStudio.QualityTools.Tips.UnitTest.Adapter, Version=9.0.0.0, Culture=neutral, PublicKeyToken=b03f5f7f11d50a3a" className="TestProject1.UnitTest1, TestProject1" name="TestMethod2" />
    </UnitTest>
  </TestDefinitions>
  <TestLists>
    <TestList name="Results Not in a List" id="8c84fa94-04c1-424b-9868-57a2d4851a1d" />
    <TestList name="All Loaded Results" id="19431567-8539-422a-85d7-44ee4e166bda" />
  </TestLists>
  <TestEntries>
    <TestEntry testId="59863143-3238-122e-4d8a-637b491cc755" executionId="76cd974c-2bbf-4a58-b8da-10bd5f218425" testListId="8c84fa94-04c1-424b-9868-57a2d4851a1d" />
    <TestEntry testId="9381223e-8095-9777-a0c7-26043045171c" executionId="08b07403-d786-437b-9f26-b6c42ffbee20" testListId="8c84fa94-04c1-424b-9868-57a2d4851a1d" />
  </TestEntries>
  <Results>
    <UnitTestResult executionId="76cd974c-2bbf-4a58-b8da-10bd5f218425" testId="59863143-3238-122e-4d8a-637b491cc755" testName="TestMethod1" computerName="FNOA0189" duration="00:00:01.5554088" startTime="2009-07-16T10:19:36.7417610+10:00" endTime="2009-07-16T10:19:38.9132190+10:00" testType="13cdc9d9-ddb5-4fa4-a97d-d965ccfc6d4b" outcome="Passed" testListId="8c84fa94-04c1-424b-9868-57a2d4851a1d">
      <Output>
      </Output>
    </UnitTestResult>
    <UnitTestResult executionId="08b07403-d786-437b-9f26-b6c42ffbee20" testId="9381223e-8095-9777-a0c7-26043045171c" testName="TestMethod2" computerName="FNOA0189" duration="00:00:00.0002542" startTime="2009-07-16T10:19:38.9288410+10:00" endTime="2009-07-16T10:19:38.9288410+10:00" testType="13cdc9d9-ddb5-4fa4-a97d-d965ccfc6d4b" outcome="Passed" testListId="8c84fa94-04c1-424b-9868-57a2d4851a1d">
      <Output>
      </Output>
    </UnitTestResult>
  </Results>
</TestRun>